<?xml version="1.0" encoding="UTF-8"?>
<!-- Generated by org.testng.reporters.JUnitReportReporter -->
<testsuite hostname="DESKTOP-0LP2P18" failures="0" tests="1" name="com.success.tests.loginPageTest" time="32.609" errors="1" timestamp="2022-10-21T06:05:14 PDT" skipped="0">
  <testcase classname="com.success.tests.loginPageTest" name="verifylogin" time="32.609">
    <error message="Unresolved compilation problems: 
	The import com.success.base.BaseClass cannot be resolved
	The method initElements(SearchContext, Class&lt;T&gt;) in the type PageFactory is not applicable for the arguments (ThreadLocal&lt;RemoteWebDriver&gt;, HomePage)
	The method findElement(By) is undefined for the type ThreadLocal&lt;RemoteWebDriver&gt;
	The method findElement(By) is undefined for the type ThreadLocal&lt;RemoteWebDriver&gt;
" type="java.lang.Error">
      <![CDATA[java.lang.Error: Unresolved compilation problems: 
The import com.success.base.BaseClass cannot be resolved
The method initElements(SearchContext, Class<T>) in the type PageFactory is not applicable for the arguments (ThreadLocal<RemoteWebDriver>, HomePage)
The method findElement(By) is undefined for the type ThreadLocal<RemoteWebDriver>
The method findElement(By) is undefined for the type ThreadLocal<RemoteWebDriver>

at com.success.page.HomePage.<init>(HomePage.java:6)
at com.success.page.loginInPage.validateLogin(loginInPage.java:34)
at com.success.tests.loginPageTest.verifylogin(loginPageTest.java:41)
at java.base/jdk.internal.reflect.NativeMethodAccessorImpl.invoke0(Native Method)
at java.base/jdk.internal.reflect.NativeMethodAccessorImpl.invoke(NativeMethodAccessorImpl.java:77)
at java.base/jdk.internal.reflect.DelegatingMethodAccessorImpl.invoke(DelegatingMethodAccessorImpl.java:43)
at java.base/java.lang.reflect.Method.invoke(Method.java:568)
at org.testng.internal.invokers.MethodInvocationHelper.invokeMethod(MethodInvocationHelper.java:139)
at org.testng.internal.invokers.TestInvoker.invokeMethod(TestInvoker.java:677)
at org.testng.internal.invokers.TestInvoker.invokeTestMethod(TestInvoker.java:221)
at org.testng.internal.invokers.MethodRunner.runInSequence(MethodRunner.java:50)
at org.testng.internal.invokers.TestInvoker$MethodInvocationAgent.invoke(TestInvoker.java:962)
at org.testng.internal.invokers.TestInvoker.invokeTestMethods(TestInvoker.java:194)
at org.testng.internal.invokers.TestMethodWorker.invokeTestMethods(TestMethodWorker.java:148)
at org.testng.internal.invokers.TestMethodWorker.run(TestMethodWorker.java:128)
at java.base/java.util.ArrayList.forEach(ArrayList.java:1511)
at org.testng.TestRunner.privateRun(TestRunner.java:806)
at org.testng.TestRunner.run(TestRunner.java:601)
at org.testng.SuiteRunner.runTest(SuiteRunner.java:433)
at org.testng.SuiteRunner.runSequentially(SuiteRunner.java:427)
at org.testng.SuiteRunner.privateRun(SuiteRunner.java:387)
at org.testng.SuiteRunner.run(SuiteRunner.java:330)
at org.testng.SuiteRunnerWorker.runSuite(SuiteRunnerWorker.java:52)
at org.testng.SuiteRunnerWorker.run(SuiteRunnerWorker.java:95)
at org.testng.TestNG.runSuitesSequentially(TestNG.java:1256)
at org.testng.TestNG.runSuitesLocally(TestNG.java:1176)
at org.testng.TestNG.runSuites(TestNG.java:1099)
at org.testng.TestNG.run(TestNG.java:1067)
at org.testng.remote.AbstractRemoteTestNG.run(AbstractRemoteTestNG.java:115)
at org.testng.remote.RemoteTestNG.initAndRun(RemoteTestNG.java:251)
at org.testng.remote.RemoteTestNG.main(RemoteTestNG.java:77)
]]>
    </error>
  </testcase> <!-- verifylogin -->
  <system-out/>
</testsuite> <!-- com.success.tests.loginPageTest -->
