<?xml version="1.0" encoding="UTF-8"?>
<!-- Generated by org.testng.reporters.JUnitReportReporter -->
<testsuite hostname="DESKTOP-0LP2P18" failures="0" tests="1" name="com.success.tests.accountCreatePage" time="61.728" errors="0" timestamp="2022-10-19T01:33:10 PDT" skipped="0">
  <testcase classname="com.success.tests.accountCreatePage" name="verifyCreateAccount" time="61.728"/>
  <system-out/>
</testsuite> <!-- com.success.tests.accountCreatePage -->
